[2026-07-20 11:29:41] ♥ Living Cycle Heartbeat
[2026-07-20 11:29:51] ♥ Living Cycle Heartbeat
[2026-07-20 11:30:01] ♥ Living Cycle Heartbeat
[2026-07-20 11:30:11] ♥ Living Cycle Heartbeat
[2026-07-20 11:30:21] ♥ Living Cycle Heartbeat
[2026-07-20 11:30:31] ♥ Living Cycle Heartbeat
[2026-07-20 11:30:41] ♥ Living Cycle Heartbeat
[2026-07-20 11:30:51] ♥ Living Cycle Heartbeat
[2026-07-20 11:31:01] ♥ Living Cycle Heartbeat
[2026-07-20 11:31:11] ♥ Living Cycle Heartbeat
[2026-07-20 11:31:21] ♥ Living Cycle Heartbeat
[2026-07-20 11:31:31] ♥ Living Cycle Heartbeat
[2026-07-20 11:31:41] ♥ Living Cycle Heartbeat
[2026-07-20 11:31:51] ♥ Living Cycle Heartbeat
[2026-07-20 11:32:01] ♥ Living Cycle Heartbeat
[2026-07-20 11:32:11] ♥ Living Cycle Heartbeat
[2026-07-20 11:32:21] ♥ Living Cycle Heartbeat
[2026-07-20 11:32:31] ♥ Living Cycle Heartbeat
[2026-07-20 11:32:41] ♥ Living Cycle Heartbeat
[2026-07-20 11:32:51] ♥ Living Cycle Heartbeat
[2026-07-20 11:33:01] ♥ Living Cycle Heartbeat
[2026-07-20 11:33:11] ♥ Living Cycle Heartbeat
[2026-07-20 11:33:21] ♥ Living Cycle Heartbeat
[2026-07-20 11:33:31] ♥ Living Cycle Heartbeat
[2026-07-20 11:33:41] ♥ Living Cycle Heartbeat
[2026-07-20 11:33:51] ♥ Living Cycle Heartbeat
[2026-07-20 11:34:01] ♥ Living Cycle Heartbeat
[2026-07-20 11:34:11] ♥ Living Cycle Heartbeat
[2026-07-20 11:34:21] ♥ Living Cycle Heartbeat
[2026-07-20 11:34:31] ♥ Living Cycle Heartbeat
[2026-07-20 11:34:41] ♥ Living Cycle Heartbeat
[2026-07-20 11:34:51] ♥ Living Cycle Heartbeat
[2026-07-20 11:35:01] ♥ Living Cycle Heartbeat
[2026-07-20 11:35:11] ♥ Living Cycle Heartbeat
[2026-07-20 11:35:21] ♥ Living Cycle Heartbeat
[2026-07-20 11:36:10] ♥ Living Cycle Heartbeat
[2026-07-20 12:36:36] ♥ Living Cycle Heartbeat
[2026-07-20 13:39:05] ♥ Living Cycle Heartbeat
[2026-07-20 14:19:45] Heartbeat | Cycle=1 | Uptime=0:00:00.001381
[2026-07-20 15:25:05] Heartbeat | Cycle=2 | Uptime=1:05:19.611961
[2026-07-21 00:51:38] Heartbeat | Cycle=1 | Uptime=0:00:00.001457
[2026-07-21 01:21:51] Heartbeat | Cycle=1 | Uptime=0:00:00.001460
[2026-07-21 02:21:51] Heartbeat | Cycle=2 | Uptime=1:00:00.032464
[2026-07-21 03:29:12] Heartbeat | Cycle=3 | Uptime=2:07:20.927235
[2026-07-21 04:49:43] Heartbeat | Cycle=4 | Uptime=3:27:52.447312
[2026-07-21 06:31:11] Heartbeat | Cycle=5 | Uptime=5:09:19.871894
[2026-07-21 08:08:15] Heartbeat | Cycle=6 | Uptime=6:46:24.568464
<<<<<<< Updated upstream
[2026-07-22 12:18:59] Heartbeat | Cycle=1 | Uptime=0:00:00.001235
[2026-07-22 12:21:57] Heartbeat | Cycle=1 | Uptime=0:00:00.001348
=======
[2026-07-22 12:25:06] Heartbeat | Cycle=1 | Uptime=0:00:00.003098
[2026-07-22 12:49:08] Heartbeat | Cycle=1 | Uptime=0:00:00.001484
[2026-07-22 12:50:29] Heartbeat | Cycle=1 | Uptime=0:00:00.001190
>>>>>>> Stashed changes
